<?xml version="1.0" encoding="UTF-8"?>
<testng-results ignored="0" total="1" passed="1" failed="0" skipped="0">
  <reporter-output>
  </reporter-output>
  <suite started-at="2025-02-08T22:13:19 GMT+03:00" name="Default suite" finished-at="2025-02-08T22:14:26 GMT+03:00" duration-ms="67329">
    <groups>
    </groups>
    <test started-at="2025-02-08T22:13:19 GMT+03:00" name="Default test" finished-at="2025-02-08T22:14:26 GMT+03:00" duration-ms="67329">
      <class name="test.addDefaultValueToField">
        <test-method is-config="true" signature="login()[pri:0, instance:test.addDefaultValueToField@74a6a609]" started-at="2025-02-08T22:13:19 GMT+03:00" name="login" finished-at="2025-02-08T22:13:49 GMT+03:00" duration-ms="29915" status="PASS">
          <reporter-output>
          </reporter-output>
        </test-method> <!-- login -->
        <test-method signature="addFields()[pri:0, instance:test.addDefaultValueToField@74a6a609]" started-at="2025-02-08T22:13:49 GMT+03:00" name="addFields" finished-at="2025-02-08T22:14:26 GMT+03:00" duration-ms="37235" status="PASS">
          <reporter-output>
          </reporter-output>
        </test-method> <!-- addFields -->
        <test-method is-config="true" signature="after_test()[pri:0, instance:test.addDefaultValueToField@74a6a609]" started-at="2025-02-08T22:14:26 GMT+03:00" name="after_test" finished-at="2025-02-08T22:14:26 GMT+03:00" duration-ms="136" status="PASS">
          <reporter-output>
          </reporter-output>
        </test-method> <!-- after_test -->
      </class> <!-- test.addDefaultValueToField -->
    </test> <!-- Default test -->
  </suite> <!-- Default suite -->
</testng-results>
